

[(1494, 60466.64828352136), (1391, 86974.04413480978), (1346, 54336.85718250546), (1383, 81962.13791587325), (1380, 58296.6973973385), (1386, 54307.58324206094
4), (1400, 56637.34747225416), (1450, 55840.26732140782), (1461, 55940.480078318265), (1424, 109325.91575361826)]
[(0, 3, array([[3, 5, 6, 1, 2, 0, 4, 1, 4, 2, 3, 0, 6, 5, 0, 0, 1, 1, 0, 0, 0, 0,
        0, 1, 1, 1, 1, 1]])), (3, 7, array([[4, 2, 1, 0, 3, 6, 5, 1, 4, 2, 0, 3, 5, 6, 2, 0, 0, 0, 0, 0, 0, 1,
        0, 0, 0, 0, 0, 1]])), (3, 6, array([[3, 0, 1, 2, 4, 5, 6, 5, 6, 3, 0, 1, 2, 4, 1, 0, 0, 0, 0, 0, 0, 1,
        0, 0, 0, 1, 1, 0]])), (1, 6, array([[4, 6, 5, 2, 1, 3, 0, 2, 4, 3, 1, 0, 5, 6, 0, 0, 3, 1, 0, 0, 0, 0,
        0, 0, 1, 0, 0, 0]])), (3, 6, array([[5, 4, 0, 1, 6, 2, 3, 6, 2, 5, 0, 1, 3, 4, 2, 0, 0, 0, 0, 0, 0, 1,
        0, 0, 0, 0, 1, 1]])), (3, 5, array([[5, 2, 6, 3, 4, 0, 1, 5, 1, 3, 6, 4, 0, 2, 2, 0, 0, 0, 0, 0, 0, 0,
        0, 0, 0, 1, 1, 0]])), (3, 6, array([[5, 1, 3, 2, 6, 0, 4, 1, 0, 5, 2, 4, 6, 3, 0, 0, 0, 0, 0, 0, 0, 1,
        0, 0, 0, 1, 1, 1]])), (3, 7, array([[3, 4, 2, 0, 1, 6, 5, 3, 4, 5, 1, 0, 6, 2, 2, 0, 0, 0, 0, 0, 0, 1,
        0, 0, 0, 0, 1, 1]])), (3, 5, array([[1, 0, 4, 2, 5, 6, 3, 3, 6, 0, 2, 4, 5, 1, 0, 0, 0, 0, 0, 0, 0, 1,
        0, 0, 0, 1, 0, 0]])), (3, 8, array([[0, 2, 6, 4, 5, 1, 3, 2, 3, 5, 4, 1, 0, 6, 0, 0, 0, 0, 0, 0, 0, 1,
        0, 0, 0, 0, 1, 0]]))]


[(1439, 55973.904258347844), (1542, 64370.86112025245), (1497, 54353.32723368016), (1399, 55929.34089916703), (1484, 55929.34089916699), (1472, 60136.966916822
53), (1459, 85032.52592675194), (1447, 109388.18712905291), (1441, 109388.18712905288), (1447, 80537.58138759645)]
[(3, 7, array([[0, 4, 1, 6, 3, 2, 5, 5, 2, 1, 6, 3, 4, 0, 0, 0, 0, 0, 0, 0, 0, 1,
        0, 0, 0, 0, 1, 1]])), (0, 4, array([[5, 1, 4, 3, 2, 6, 0, 6, 2, 5, 0, 1, 4, 3, 0, 0, 2, 2, 0, 0, 0, 0,
        0, 1, 1, 0, 1, 0]])), (3, 7, array([[1, 2, 5, 0, 3, 4, 6, 3, 0, 1, 2, 6, 4, 5, 0, 0, 0, 0, 0, 0, 0, 1,
        0, 0, 0, 1, 1, 0]])), (3, 6, array([[5, 3, 0, 6, 2, 4, 1, 6, 5, 2, 3, 4, 0, 1, 2, 0, 0, 0, 0, 0, 0, 1,
        0, 0, 0, 1, 0, 1]])), (3, 6, array([[2, 3, 6, 0, 4, 1, 5, 5, 0, 1, 4, 2, 3, 6, 1, 0, 0, 0, 0, 0, 0, 1,
        0, 0, 0, 0, 0, 0]])), (0, 3, array([[6, 2, 0, 1, 3, 4, 5, 2, 3, 5, 1, 0, 6, 4, 0, 0, 2, 0, 0, 0, 0, 0,
        0, 1, 1, 0, 1, 0]])), (1, 6, array([[1, 2, 4, 0, 6, 5, 3, 4, 1, 6, 5, 2, 0, 3, 0, 0, 3, 2, 0, 0, 0, 0,
        0, 0, 1, 1, 0, 0]])), (3, 2, array([[3, 0, 2, 5, 1, 4, 6, 4, 5, 2, 6, 1, 3, 0, 2, 0, 0, 0, 0, 0, 0, 1,
        0, 0, 0, 1, 0, 1]])), (3, 2, array([[3, 0, 1, 5, 2, 4, 6, 4, 6, 0, 2, 3, 5, 1, 3, 0, 0, 0, 0, 0, 0, 0,
        0, 0, 0, 1, 0, 0]])), (1, 6, array([[0, 6, 2, 3, 4, 1, 5, 6, 2, 0, 3, 4, 5, 1, 0, 0, 1, 3, 0, 0, 0, 0,
        0, 0, 0, 1, 0, 0]]))]
